2021-10-15 17:59:46.834  INFO 8476 --- [main] uz.smart.Application                     : Starting Application using Java 14.0.2 on DESKTOP-7U79O8U with PID 8476 (C:\Users\Ilhom\Documents\My-Projects\logistika\app-logistika\app-server-side\build\classes\java\main started by Ilhom in C:\Users\Ilhom\Documents\My-Projects\logistika\app-logistika)
2021-10-15 17:59:46.844  INFO 8476 --- [main] uz.smart.Application                     : No active profile set, falling back to default profiles: default
2021-10-15 17:59:48.390  INFO 8476 --- [main] .s.d.r.c.RepositoryConfigurationDelegate : Bootstrapping Spring Data JPA repositories in DEFAULT mode.
2021-10-15 17:59:48.549  INFO 8476 --- [main] .s.d.r.c.RepositoryConfigurationDelegate : Finished Spring Data repository scanning in 142 ms. Found 3 JPA repository interfaces.
2021-10-15 17:59:49.306  INFO 8476 --- [main] trationDelegate$BeanPostProcessorChecker : Bean 'org.springframework.security.access.expression.method.DefaultMethodSecurityExpressionHandler@4c777e7b' of type [org.springframework.security.access.expression.method.DefaultMethodSecurityExpressionHandler] is not eligible for getting processed by all BeanPostProcessors (for example: not eligible for auto-proxying)
2021-10-15 17:59:49.317  INFO 8476 --- [main] trationDelegate$BeanPostProcessorChecker : Bean 'methodSecurityMetadataSource' of type [org.springframework.security.access.method.DelegatingMethodSecurityMetadataSource] is not eligible for getting processed by all BeanPostProcessors (for example: not eligible for auto-proxying)
2021-10-15 17:59:50.043  INFO 8476 --- [main] o.s.b.w.embedded.tomcat.TomcatWebServer  : Tomcat initialized with port(s): 80 (http)
2021-10-15 17:59:50.059  INFO 8476 --- [main] o.apache.catalina.core.StandardService   : Starting service [Tomcat]
2021-10-15 17:59:50.060  INFO 8476 --- [main] org.apache.catalina.core.StandardEngine  : Starting Servlet engine: [Apache Tomcat/9.0.53]
2021-10-15 17:59:50.293  INFO 8476 --- [main] o.a.c.c.C.[Tomcat].[localhost].[/]       : Initializing Spring embedded WebApplicationContext
2021-10-15 17:59:50.294  INFO 8476 --- [main] w.s.c.ServletWebServerApplicationContext : Root WebApplicationContext: initialization completed in 3306 ms
2021-10-15 17:59:50.566  WARN 8476 --- [main] JpaBaseConfiguration$JpaWebConfiguration : spring.jpa.open-in-view is enabled by default. Therefore, database queries may be performed during view rendering. Explicitly configure spring.jpa.open-in-view to disable this warning
2021-10-15 17:59:50.874  INFO 8476 --- [main] o.hibernate.jpa.internal.util.LogHelper  : HHH000204: Processing PersistenceUnitInfo [name: default]
2021-10-15 17:59:50.953  INFO 8476 --- [main] org.hibernate.Version                    : HHH000412: Hibernate ORM core version 5.4.32.Final
2021-10-15 17:59:51.166  INFO 8476 --- [main] o.hibernate.annotations.common.Version   : HCANN000001: Hibernate Commons Annotations {5.1.2.Final}
2021-10-15 17:59:51.320  INFO 8476 --- [main] com.zaxxer.hikari.HikariDataSource       : HikariPool-1 - Starting...
2021-10-15 17:59:51.521  INFO 8476 --- [main] com.zaxxer.hikari.HikariDataSource       : HikariPool-1 - Start completed.
2021-10-15 17:59:51.569  INFO 8476 --- [main] org.hibernate.dialect.Dialect            : HHH000400: Using dialect: org.hibernate.dialect.PostgreSQL10Dialect
2021-10-15 17:59:53.102  INFO 8476 --- [main] o.h.e.t.j.p.i.JtaPlatformInitiator       : HHH000490: Using JtaPlatform implementation: [org.hibernate.engine.transaction.jta.platform.internal.NoJtaPlatform]
2021-10-15 17:59:53.114  INFO 8476 --- [main] j.LocalContainerEntityManagerFactoryBean : Initialized JPA EntityManagerFactory for persistence unit 'default'
2021-10-15 17:59:55.916  INFO 8476 --- [main] o.s.s.web.DefaultSecurityFilterChain     : Will secure any request with [org.springframework.security.web.context.request.async.WebAsyncManagerIntegrationFilter@3b3a3a92, org.springframework.security.web.context.SecurityContextPersistenceFilter@2190508d, org.springframework.security.web.header.HeaderWriterFilter@ab94a32, org.springframework.web.filter.CorsFilter@65f36591, org.springframework.security.web.authentication.logout.LogoutFilter@5adc71e7, uz.smart.security.JwtAuthenticationFilter@72240290, org.springframework.security.web.savedrequest.RequestCacheAwareFilter@5036a286, org.springframework.security.web.servletapi.SecurityContextHolderAwareRequestFilter@4bac0be5, org.springframework.security.web.authentication.AnonymousAuthenticationFilter@7a7bd9a8, org.springframework.security.web.session.SessionManagementFilter@32c08610, org.springframework.security.web.access.ExceptionTranslationFilter@57f83c82, org.springframework.security.web.access.intercept.FilterSecurityInterceptor@3986b9e9]
2021-10-15 18:00:02.124  INFO 8476 --- [main] c.g.x.bots.TelegramBotAutoConfiguration  : Starting auto config for telegram bots
2021-10-15 18:00:02.131  INFO 8476 --- [main] c.g.xabgesagtx.bots.TelegramApiFactory   : Initializing API without webhook support
2021-10-15 18:00:06.439  INFO 8476 --- [main] o.s.b.w.embedded.tomcat.TomcatWebServer  : Tomcat started on port(s): 80 (http) with context path ''
2021-10-15 18:00:06.665  INFO 8476 --- [main] uz.smart.Application                     : Started Application in 20.618 seconds (JVM running for 22.002)
2021-10-15 18:00:17.470  INFO 8476 --- [SpringContextShutdownHook] j.LocalContainerEntityManagerFactoryBean : Closing JPA EntityManagerFactory for persistence unit 'default'
2021-10-15 18:00:17.474  INFO 8476 --- [SpringContextShutdownHook] com.zaxxer.hikari.HikariDataSource       : HikariPool-1 - Shutdown initiated...
2021-10-15 18:00:17.481  INFO 8476 --- [SpringContextShutdownHook] com.zaxxer.hikari.HikariDataSource       : HikariPool-1 - Shutdown completed.
